<?xml version="1.0" encoding="UTF-8"?>
<testsuite xmlns:xsi="http://www.w3.org/2001/XMLSchema-instance" xsi:noNamespaceSchemaLocation="https://maven.apache.org/surefire/maven-surefire-plugin/xsd/surefire-test-report-3.0.xsd" version="3.0" name="runner.TestRunner" time="91.092" tests="2" errors="0" skipped="0" failures="0">
  <properties>
[...]
</properties>
  <testcase name="Login as standard user and place the products in the cart" classname="Placing the items in cart with diferent user" time="37.587">
    <system-out><![CDATA[
@tag1
Scenario Outline: Login as standard user and place the products in the cart &amp#27;[90m# src/test/java/features/PlacingInCart.feature:18&amp#27;[0m
ScreenShot Taken
ScreenShot Taken
ScreenShot Taken
  &amp#27;[32mGiven &amp#27;[0m&amp#27;[32mLogin as Standard user with &amp#27;[0m&amp#27;[32m&amp#27;[1m"standard_user_name"&amp#27;[0m&amp#27;[32m and &amp#27;[0m&amp#27;[32m&amp#27;[1m"password"&amp#27;[0m     &amp#27;[90m# stepDefinition.LoginPage_glue.login_to_the_home_page_standard(java.lang.String,java.lang.String)&amp#27;[0m
ScreenShot Taken
ScreenShot Taken
ScreenShot Taken
  &amp#27;[32mAnd &amp#27;[0m&amp#27;[32mPlace the three items in the cart&amp#27;[0m                                     &amp#27;[90m# stepDefinition.LoginPage_glue.selectitems()&amp#27;[0m
ScreenShot Taken
  &amp#27;[32mWhen &amp#27;[0m&amp#27;[32mclick on the cart icon&amp#27;[0m                                               &amp#27;[90m# stepDefinition.LoginPage_glue.clickcart()&amp#27;[0m
ScreenShot Taken
  &amp#27;[32mAnd &amp#27;[0m&amp#27;[32mverify the items and click on checkout button&amp#27;[0m                         &amp#27;[90m# stepDefinition.LoginPage_glue.click_checkout()&amp#27;[0m
ScreenShot Taken
ScreenShot Taken
ScreenShot Taken
ScreenShot Taken
ScreenShot Taken
  &amp#27;[32mAnd &amp#27;[0m&amp#27;[32mprovide the details and click on Finish to complete&amp#27;[0m                   &amp#27;[90m# stepDefinition.LoginPage_glue.complete_checkout()&amp#27;[0m
ScreenShot Taken
  &amp#27;[32mThen &amp#27;[0m&amp#27;[32mcontinue to home screen&amp#27;[0m                                              &amp#27;[90m# stepDefinition.LoginPage_glue.back_home_screen()&amp#27;[0m
ScreenShot Taken
ScreenShot Taken
ScreenShot Taken
ScreenShot Taken
  &amp#27;[32mAnd &amp#27;[0m&amp#27;[32mAdd the product to the cart and remove the product from the cart&amp#27;[0m      &amp#27;[90m# stepDefinition.LoginPage_glue.add_remove()&amp#27;[0m
ScreenShot Taken
ScreenShot Taken
  &amp#27;[32mAnd &amp#27;[0m&amp#27;[32mLogout from the application as the standard user&amp#27;[0m                      &amp#27;[90m# stepDefinition.LoginPage_glue.logout()&amp#27;[0m
]]></system-out>
    <system-err><![CDATA[SLF4J(W): No SLF4J providers were found.
SLF4J(W): Defaulting to no-operation (NOP) logger implementation
SLF4J(W): See https://www.slf4j.org/codes.html#noProviders for further details.
Starting ChromeDriver 124.0.6367.8 (f4d0e68189d49ae0778b110561b4d913aaf4bb47-refs/branch-heads/6367@{#30}) on port 15214
Only local connections are allowed.
Please see https://chromedriver.chromium.org/security-considerations for suggestions on keeping ChromeDriver safe.
ChromeDriver was started successfully.
Mar 31, 2024 11:54:09 AM org.openqa.selenium.remote.ProtocolHandshake createSession
INFO: Detected dialect: W3C
]]></system-err>
  </testcase>
  <testcase name="Login as performance user and place the products in the cart" classname="Placing the items in cart with diferent user" time="51.623">
    <system-out><![CDATA[
@tag2
Scenario Outline: Login as performance user and place the products in the cart &amp#27;[90m# src/test/java/features/PlacingInCart.feature:32&amp#27;[0m
ScreenShot Taken
ScreenShot Taken
ScreenShot Taken
  &amp#27;[32mGiven &amp#27;[0m&amp#27;[32mLogin as performance user with &amp#27;[0m&amp#27;[32m&amp#27;[1m"performance_user_name"&amp#27;[0m&amp#27;[32m and &amp#27;[0m&amp#27;[32m&amp#27;[1m"password"&amp#27;[0m  &amp#27;[90m# stepDefinition.LoginPage_glue.login_to_the_home_page_performance(java.lang.String,java.lang.String)&amp#27;[0m
ScreenShot Taken
ScreenShot Taken
ScreenShot Taken
  &amp#27;[32mAnd &amp#27;[0m&amp#27;[32mPlace the three items in the cart&amp#27;[0m                                        &amp#27;[90m# stepDefinition.LoginPage_glue.selectitems()&amp#27;[0m
ScreenShot Taken
  &amp#27;[32mWhen &amp#27;[0m&amp#27;[32mclick on the cart icon&amp#27;[0m                                                  &amp#27;[90m# stepDefinition.LoginPage_glue.clickcart()&amp#27;[0m
ScreenShot Taken
  &amp#27;[32mAnd &amp#27;[0m&amp#27;[32mverify the items and click on checkout button&amp#27;[0m                            &amp#27;[90m# stepDefinition.LoginPage_glue.click_checkout()&amp#27;[0m
ScreenShot Taken
ScreenShot Taken
ScreenShot Taken
ScreenShot Taken
ScreenShot Taken
  &amp#27;[32mAnd &amp#27;[0m&amp#27;[32mprovide the details and click on Finish to complete&amp#27;[0m                      &amp#27;[90m# stepDefinition.LoginPage_glue.complete_checkout()&amp#27;[0m
ScreenShot Taken
  &amp#27;[32mThen &amp#27;[0m&amp#27;[32mcontinue to home screen&amp#27;[0m                                                 &amp#27;[90m# stepDefinition.LoginPage_glue.back_home_screen()&amp#27;[0m
ScreenShot Taken
ScreenShot Taken
ScreenShot Taken
ScreenShot Taken
  &amp#27;[32mAnd &amp#27;[0m&amp#27;[32mAdd the product to the cart and remove the product from the cart&amp#27;[0m         &amp#27;[90m# stepDefinition.LoginPage_glue.add_remove()&amp#27;[0m
ScreenShot Taken
ScreenShot Taken
  &amp#27;[32mAnd &amp#27;[0m&amp#27;[32mLogout from the application as the standard user&amp#27;[0m                         &amp#27;[90m# stepDefinition.LoginPage_glue.logout()&amp#27;[0m
]]></system-out>
    <system-err><![CDATA[Starting ChromeDriver 124.0.6367.8 (f4d0e68189d49ae0778b110561b4d913aaf4bb47-refs/branch-heads/6367@{#30}) on port 40066
Only local connections are allowed.
Please see https://chromedriver.chromium.org/security-considerations for suggestions on keeping ChromeDriver safe.
ChromeDriver was started successfully.
Mar 31, 2024 11:54:45 AM org.openqa.selenium.remote.ProtocolHandshake createSession
INFO: Detected dialect: W3C
]]></system-err>
  </testcase>
</testsuite>